yarn add v1.22.21
[1/4] Resolving packages...
warning @storybook/nextjs > @storybook/builder-webpack5 > webpack-dev-middleware > memfs@3.6.0: this will be v4
warning @storybook/nextjs > @storybook/builder-webpack5 > fork-ts-checker-webpack-plugin > memfs@3.6.0: this will be v4
[2/4] Fetching packages...
warning Pattern ["strip-ansi-cjs@npm:strip-ansi@^6.0.1"] is trying to unpack in the same destination "C:\\Users\\egorp\\AppData\\Local\\Yarn\\Cache\\v6\\npm-strip-ansi-cjs-6.0.1-9e26c63d30f53443e9489495b2105d37b67a85d9-integrity\\node_modules\\strip-ansi-cjs" as pattern ["strip-ansi@^6.0.1"]. This could result in non-deterministic behavior, skipping.
warning Pattern ["string-width@^4.1.0"] is trying to unpack in the same destination "C:\\Users\\egorp\\AppData\\Local\\Yarn\\Cache\\v6\\npm-string-width-cjs-4.2.3-269c7117d27b05ad2e536830a8ec895ef9c6d010-integrity\\node_modules\\string-width-cjs" as pattern ["string-width-cjs@npm:string-width@^4.2.0"]. This could result in non-deterministic behavior, skipping.
warning Pattern ["strip-ansi@^6.0.0"] is trying to unpack in the same destination "C:\\Users\\egorp\\AppData\\Local\\Yarn\\Cache\\v6\\npm-strip-ansi-cjs-6.0.1-9e26c63d30f53443e9489495b2105d37b67a85d9-integrity\\node_modules\\strip-ansi-cjs" as pattern ["strip-ansi@^6.0.1"]. This could result in non-deterministic behavior, skipping.
[3/4] Linking dependencies...
warning "@storybook/nextjs > node-polyfill-webpack-plugin@2.0.1" has unmet peer dependency "webpack@>=5".
warning "@storybook/nextjs > postcss-loader@7.3.4" has unmet peer dependency "webpack@^5.0.0".
warning "@storybook/nextjs > style-loader@3.3.4" has unmet peer dependency "webpack@^5.0.0".
warning "@storybook/nextjs > sass-loader@12.6.0" has unmet peer dependency "webpack@^5.0.0".
[4/4] Building fresh packages...
error Error: C:\Users\egorp\Desktop\egor\Coding\Projects\Self\hims.com\node_modules\core-js-pure: Cannot find module 'pnpapi'
Require stack:
- C:\Users\egorp\AppData\Local\node\corepack\yarn\1.22.21\lib\cli.js
- C:\Users\egorp\AppData\Local\node\corepack\yarn\1.22.21\bin\yarn.js
Require stack:
- C:\Users\egorp\AppData\Local\node\corepack\yarn\1.22.21\lib\cli.js
- C:\Users\egorp\AppData\Local\node\corepack\yarn\1.22.21\bin\yarn.js
    at Module._resolveFilename (node:internal/modules/cjs/loader:1144:15)
    at require$$0.Module._resolveFilename (C:\Users\egorp\AppData\Local\Temp\xfs-ddf5922f\dlx-28092\.pnp.cjs:16891:54)
    at require.resolve (C:\Users\egorp\AppData\Local\node\corepack\yarn\1.22.21\lib\v8-compile-cache.js:162:23)
    at C:\Users\egorp\AppData\Local\node\corepack\yarn\1.22.21\lib\cli.js:34246:76
    at Generator.next (<anonymous>)
    at step (C:\Users\egorp\AppData\Local\node\corepack\yarn\1.22.21\lib\cli.js:310:30)
    at C:\Users\egorp\AppData\Local\node\corepack\yarn\1.22.21\lib\cli.js:321:13
info Visit https://yarnpkg.com/en/docs/cli/add for documentation about this command.
